[19:15:52] [main/INFO] [LaunchWrapper]: Loading tweak class name net.minecraftforge.fml.common.launcher.FMLServerTweaker
[19:15:52] [main/INFO] [LaunchWrapper]: Using primary tweak class name net.minecraftforge.fml.common.launcher.FMLServerTweaker
[19:15:52] [main/INFO] [LaunchWrapper]: Calling tweak class net.minecraftforge.fml.common.launcher.FMLServerTweaker
[19:15:52] [main/DEBUG] [FML]: Injecting tracing printstreams for STDOUT/STDERR.
[19:15:52] [main/INFO] [FML]: Forge Mod Loader version 14.23.5.2860 for Minecraft 1.12.2 loading
[19:15:52] [main/INFO] [FML]: Java is OpenJDK 64-Bit Server VM, version 1.8.0_352, running on Windows 10:amd64:10.0, installed at C:\Program Files\Eclipse Adoptium\jdk-8.0.352.8-hotspot\jre
[19:15:52] [main/DEBUG] [FML]: Java classpath at launch is:
[19:15:52] [main/DEBUG] [FML]:     C:\Users\bryan\OneDrive\Documents\Projects\flayer-gambit\server\forge-1.12.2-14.23.5.2860.jar
[19:15:52] [main/DEBUG] [FML]: Java library path at launch is:
[19:15:52] [main/DEBUG] [FML]:     C:\Program Files\Eclipse Adoptium\jdk-8.0.352.8-hotspot\bin
[19:15:52] [main/DEBUG] [FML]:     C:\WINDOWS\Sun\Java\bin
[19:15:52] [main/DEBUG] [FML]:     C:\WINDOWS\system32
[19:15:52] [main/DEBUG] [FML]:     C:\WINDOWS
[19:15:52] [main/DEBUG] [FML]:     C:\Program Files\Eclipse Adoptium\jdk-8.0.352.8-hotspot\bin
[19:15:52] [main/DEBUG] [FML]:     C:\WINDOWS\system32
[19:15:52] [main/DEBUG] [FML]:     C:\WINDOWS
[19:15:52] [main/DEBUG] [FML]:     C:\WINDOWS\System32\Wbem
[19:15:52] [main/DEBUG] [FML]:     C:\WINDOWS\System32\WindowsPowerShell\v1.0\
[19:15:52] [main/DEBUG] [FML]:     C:\WINDOWS\System32\OpenSSH\
[19:15:52] [main/DEBUG] [FML]:     C:\Program Files\nodejs\
[19:15:52] [main/DEBUG] [FML]:     C:\Program Files\Git\cmd
[19:15:52] [main/DEBUG] [FML]:     C:\Program Files\Git\mingw64\bin
[19:15:52] [main/DEBUG] [FML]:     C:\Program Files\Git\usr\bin
[19:15:52] [main/DEBUG] [FML]:     C:\Program Files\dotnet\
[19:15:52] [main/DEBUG] [FML]:     C:\Users\bryan\AppData\Local\Microsoft\WindowsApps
[19:15:52] [main/DEBUG] [FML]:     C:\Users\bryan\AppData\Roaming\npm
[19:15:52] [main/DEBUG] [FML]:     C:\Users\bryan\AppData\Local\Programs\Microsoft VS Code\bin
[19:15:52] [main/DEBUG] [FML]:     .
[19:15:52] [main/DEBUG] [FML]: Determined Minecraft Libraries Root: C:\Users\bryan\OneDrive\Documents\Projects\flayer-gambit\server\libraries
[19:15:53] [main/DEBUG] [FML]: Enabling runtime deobfuscation
[19:15:53] [main/DEBUG] [FML]: Instantiating coremod class FMLCorePlugin
[19:15:53] [main/DEBUG] [FML]: Found signing certificates for coremod FMLCorePlugin (net.minecraftforge.fml.relauncher.FMLCorePlugin)
[19:15:53] [main/DEBUG] [FML]: Found certificate e3c3d50c7c986df74c645c0ac54639741c90a557
[19:15:53] [main/DEBUG] [FML]: Added access transformer class net.minecraftforge.fml.common.asm.transformers.AccessTransformer to enqueued access transformers
[19:15:53] [main/DEBUG] [FML]: Enqueued coremod FMLCorePlugin
[19:15:53] [main/DEBUG] [FML]: Instantiating coremod class FMLForgePlugin
[19:15:53] [main/DEBUG] [FML]: Found signing certificates for coremod FMLForgePlugin (net.minecraftforge.classloading.FMLForgePlugin)
[19:15:53] [main/DEBUG] [FML]: Found certificate e3c3d50c7c986df74c645c0ac54639741c90a557
[19:15:53] [main/DEBUG] [FML]: Enqueued coremod FMLForgePlugin
[19:15:53] [main/DEBUG] [FML]: All fundamental core mods are successfully located
[19:15:53] [main/DEBUG] [FML]: Discovering coremods
[19:15:53] [main/INFO] [FML]: Searching C:\Users\bryan\OneDrive\Documents\Projects\flayer-gambit\server\.\mods for mods
[19:15:53] [main/INFO] [LaunchWrapper]: Loading tweak class name net.minecraftforge.fml.common.launcher.FMLInjectionAndSortingTweaker
[19:15:53] [main/INFO] [LaunchWrapper]: Loading tweak class name net.minecraftforge.fml.common.launcher.FMLDeobfTweaker
[19:15:53] [main/INFO] [LaunchWrapper]: Calling tweak class net.minecraftforge.fml.common.launcher.FMLInjectionAndSortingTweaker
[19:15:53] [main/INFO] [LaunchWrapper]: Calling tweak class net.minecraftforge.fml.common.launcher.FMLInjectionAndSortingTweaker
[19:15:53] [main/INFO] [LaunchWrapper]: Calling tweak class net.minecraftforge.fml.relauncher.CoreModManager$FMLPluginWrapper
[19:15:53] [main/DEBUG] [FML]: Injecting coremod FMLCorePlugin \{net.minecraftforge.fml.relauncher.FMLCorePlugin\} class transformers
[19:15:53] [main/TRACE] [FML]: Registering transformer net.minecraftforge.fml.common.asm.transformers.SideTransformer
[19:15:53] [main/TRACE] [FML]: Registering transformer net.minecraftforge.fml.common.asm.transformers.EventSubscriptionTransformer
[19:15:53] [main/TRACE] [FML]: Registering transformer net.minecraftforge.fml.common.asm.transformers.EventSubscriberTransformer
[19:15:53] [main/TRACE] [FML]: Registering transformer net.minecraftforge.fml.common.asm.transformers.SoundEngineFixTransformer
[19:15:53] [main/DEBUG] [FML]: Injection complete
[19:15:53] [main/DEBUG] [FML]: Running coremod plugin for FMLCorePlugin \{net.minecraftforge.fml.relauncher.FMLCorePlugin\}
[19:15:53] [main/DEBUG] [FML]: Running coremod plugin FMLCorePlugin
[19:15:54] [main/DEBUG] [FML]: Read 1154 binary patches
[19:15:54] [main/DEBUG] [FML]: Loading deobfuscation resource /deobfuscation_data-1.12.2.lzma with 36076 records
[19:15:54] [main/INFO] [FML]: Found valid fingerprint for Minecraft Forge. Certificate fingerprint e3c3d50c7c986df74c645c0ac54639741c90a557
[19:15:54] [main/DEBUG] [FML]: Coremod plugin class FMLCorePlugin run successfully
[19:15:54] [main/INFO] [LaunchWrapper]: Calling tweak class net.minecraftforge.fml.relauncher.CoreModManager$FMLPluginWrapper
[19:15:54] [main/DEBUG] [FML]: Injecting coremod FMLForgePlugin \{net.minecraftforge.classloading.FMLForgePlugin\} class transformers
[19:15:54] [main/DEBUG] [FML]: Injection complete
[19:15:54] [main/DEBUG] [FML]: Running coremod plugin for FMLForgePlugin \{net.minecraftforge.classloading.FMLForgePlugin\}
[19:15:54] [main/DEBUG] [FML]: Running coremod plugin FMLForgePlugin
[19:15:54] [main/DEBUG] [FML]: Coremod plugin class FMLForgePlugin run successfully
[19:15:54] [main/INFO] [LaunchWrapper]: Calling tweak class net.minecraftforge.fml.common.launcher.FMLDeobfTweaker
[19:15:54] [main/DEBUG] [FML]: Loaded 215 rules from AccessTransformer config file forge_at.cfg
[19:15:54] [main/DEBUG] [FML]: Validating minecraft
[19:15:55] [main/DEBUG] [FML]: Minecraft validated, launching...
[19:15:55] [main/INFO] [LaunchWrapper]: Loading tweak class name net.minecraftforge.fml.common.launcher.TerminalTweaker
[19:15:55] [main/INFO] [LaunchWrapper]: Calling tweak class net.minecraftforge.fml.common.launcher.TerminalTweaker
[19:15:55] [main/INFO] [LaunchWrapper]: Launching wrapped minecraft {net.minecraft.server.MinecraftServer}
[19:15:55] [main/WARN] [net.minecraft.server.ServerEula]: Failed to load eula.txt
[19:15:55] [main/INFO] [net.minecraft.server.MinecraftServer]: You need to agree to the EULA in order to run the server. Go to eula.txt for more info.
