[14:25:25] [Server thread/INFO]: Starting minecraft server version 1.12.2
[14:25:25] [Server thread/INFO]: Loading properties
[14:25:25] [Server thread/INFO]: Default game type: SURVIVAL
[14:25:25] [Server thread/INFO]: Generating keypair
[14:25:25] [Server thread/INFO]: Starting Minecraft server on *:25565
[14:25:25] [Server thread/INFO]: Using default channel type
[14:25:26] [Server thread/WARN]: **** SERVER IS RUNNING IN OFFLINE/INSECURE MODE!
[14:25:26] [Server thread/WARN]: The server will make no attempt to authenticate usernames. Beware.
[14:25:26] [Server thread/WARN]: While this makes the game possible to play without internet access, it also opens up the ability for hackers to connect with any username they choose.
[14:25:26] [Server thread/WARN]: To change this, set "online-mode" to "true" in the server.properties file.
[14:25:26] [Server thread/INFO]: Preparing level "world"
[14:25:26] [Server thread/INFO]: Loaded 488 advancements
[14:25:26] [Server thread/INFO]: Preparing start region for level 0
[14:25:27] [Server thread/INFO]: Preparing spawn area: 85%
[14:25:27] [Server thread/INFO]: Done (1.424s)! For help, type "help" or "?"
[14:26:06] [Server thread/INFO]: FlayerGambit[/0:0:0:0:0:0:0:1:61075] logged in with entity id 227 at (-264.7, 62.495200877005914, 362.7)
[14:26:06] [Server thread/INFO]: FlayerGambit joined the game
[14:26:34] [Server thread/INFO]: FlayerGambit has made the advancement [Monster Hunter]
[14:26:56] [Server thread/INFO]: <FlayerGambit> stop
[14:27:09] [Server thread/INFO]: <FlayerGambit> forward
[14:27:12] [Server thread/INFO]: <FlayerGambit> stop
[14:27:25] [Server thread/INFO]: <FlayerGambit> stop
[14:27:29] [Server thread/INFO]: <FlayerGambit> stop
[14:27:39] [Server thread/INFO]: FlayerGambit lost connection: Disconnected
[14:27:39] [Server thread/INFO]: FlayerGambit left the game
[14:27:42] [Server Shutdown Thread/INFO]: Stopping server
[14:27:42] [Server Shutdown Thread/INFO]: Saving players
